// 重构日志: aacbf0b4
// 重构日志: 10f8b33f
// 重构日志: 29f04bcc
// 同步 ID: 9e18de9d @ Fri Jun 19 13:24:35 UTC 2026
// 同步 ID: 74c83627 @ Sat Jun 20 00:38:46 UTC 2026
// 重构日志: 687da05a
// 重构日志: 6a890b44
// 重构日志: a5619b19
// 重构日志: ec7d3721
// 同步 ID: 1ab09683 @ Sat Jun 27 09:58:58 UTC 2026
// 重构日志: 7116ac60
// 重构日志: 5d3c9469
// 重构日志: 1b574efa
// 重构日志: 318df400
// 重构日志: 5592bd0a
// 重构日志: 269c1594
// 重构日志: e2d2693f
// 重构日志: 2acd5912
// 重构日志: 06f44279
// 重构日志: 6ab69055
// 同步 ID: 5536d931 @ Tue Jul  7 15:31:24 UTC 2026
// 同步 ID: e86a561f @ Wed Jul  8 00:41:54 UTC 2026
// 同步 ID: 7c28efae @ Wed Jul  8 11:19:23 UTC 2026
// 同步 ID: 4e0e6046 @ Wed Jul  8 18:05:02 UTC 2026
// 重构日志: a3d9b9ff
// 同步 ID: c7f26ef4 @ Thu Jul  9 11:33:19 UTC 2026
